[debug] [2020-02-24T10:24:31.612Z] ----------------------------------------------------------------------
[debug] [2020-02-24T10:24:31.616Z] Command:       /usr/bin/node /usr/local/bin/firebase serve
[debug] [2020-02-24T10:24:31.617Z] CLI Version:   7.13.1
[debug] [2020-02-24T10:24:31.617Z] Platform:      linux
[debug] [2020-02-24T10:24:31.617Z] Node Version:  v10.15.2
[debug] [2020-02-24T10:24:31.620Z] Time:          Mon Feb 24 2020 13:24:31 GMT+0300 (Москва, стандартное время)
[debug] [2020-02-24T10:24:31.621Z] ----------------------------------------------------------------------
[debug] [2020-02-24T10:24:31.621Z] 
[debug] [2020-02-24T10:24:31.634Z] > command requires scopes: ["email","openid","https://www.googleapis.com/auth/cloudplatformprojects.readonly","https://www.googleapis.com/auth/firebase","https://www.googleapis.com/auth/cloud-platform"]
[debug] [2020-02-24T10:24:31.636Z] > authorizing via signed-in user
[debug] [2020-02-24T10:24:31.636Z] [iam] checking project appprojectsmanager for permissions ["firebase.projects.get"]
[debug] [2020-02-24T10:24:31.639Z] > refreshing access token with scopes: ["email","https://www.googleapis.com/auth/cloud-platform","https://www.googleapis.com/auth/cloudplatformprojects.readonly","https://www.googleapis.com/auth/firebase","openid"]
[debug] [2020-02-24T10:24:31.640Z] >>> HTTP REQUEST POST https://www.googleapis.com/oauth2/v3/token  
 <request body omitted>
[debug] [2020-02-24T10:24:31.867Z] <<< HTTP RESPONSE 200
[debug] [2020-02-24T10:24:31.887Z] >>> HTTP REQUEST POST https://cloudresourcemanager.googleapis.com/v1/projects/appprojectsmanager:testIamPermissions  

[debug] [2020-02-24T10:24:32.918Z] <<< HTTP RESPONSE 200
[debug] [2020-02-24T10:24:32.920Z] >>> HTTP REQUEST GET https://firebase.googleapis.com/v1beta1/projects/appprojectsmanager  
 
[debug] [2020-02-24T10:24:33.234Z] <<< HTTP RESPONSE 200
[info] 
[info] === Serving from '/home/hightemp/Projects/appProjectsManager'...
[info] 
[debug] [2020-02-24T10:24:33.242Z] >>> HTTP REQUEST GET https://firebase.googleapis.com/v1beta1/projects/appprojectsmanager/webApps/-/config  
 
[debug] [2020-02-24T10:24:34.394Z] <<< HTTP RESPONSE 200
[info] i  hosting: Serving hosting files from: public
[info] ✔  hosting: Local server: http://localhost:5000
